生成启动时间为 2017/9/18 21:05:46。
     1>项目“E:\常家洪\11111\开发系统\学生信息管理系统\学生信息管理系统\学生信息管理系统.vcxproj”在节点 2 上(Build 个目标)。
     1>ClCompile:
         D:\VS2012\VC\bin\CL.exe /c /ZI /nologo /W3 /WX- /Od /Oy- /D WIN32 /D _DEBUG /D _CONSOLE /D _UNICODE /D UNICODE /Gm /EHsc /RTC1 /MDd /GS /fp:precise /Zc:wchar_t /Zc:forScope /Fo"Debug\\" /Fd"Debug\vc110.pdb" /Gd /TP /analyze- /errorReport:prompt example3_26t.cpp example3_26_student.cpp
         example3_26_student.cpp
     1>e:\常家洪\11111\开发系统\学生信息管理系统\学生信息管理系统\example3_26_student.cpp(13): warning C4996: 'strcpy': This function or variable may be unsafe. Consider using strcpy_s instead. To disable deprecation, use _CRT_SECURE_NO_WARNINGS. See online help for details.
                 d:\vs2012\vc\include\string.h(110) : 参见“strcpy”的声明
     1>e:\常家洪\11111\开发系统\学生信息管理系统\学生信息管理系统\example3_26_student.cpp(15): warning C4996: 'strcpy': This function or variable may be unsafe. Consider using strcpy_s instead. To disable deprecation, use _CRT_SECURE_NO_WARNINGS. See online help for details.
                 d:\vs2012\vc\include\string.h(110) : 参见“strcpy”的声明
     1>e:\常家洪\11111\开发系统\学生信息管理系统\学生信息管理系统\example3_26_student.cpp(16): warning C4996: 'strcpy': This function or variable may be unsafe. Consider using strcpy_s instead. To disable deprecation, use _CRT_SECURE_NO_WARNINGS. See online help for details.
                 d:\vs2012\vc\include\string.h(110) : 参见“strcpy”的声明
     1>e:\常家洪\11111\开发系统\学生信息管理系统\学生信息管理系统\example3_26_student.cpp(17): warning C4996: 'strcpy': This function or variable may be unsafe. Consider using strcpy_s instead. To disable deprecation, use _CRT_SECURE_NO_WARNINGS. See online help for details.
                 d:\vs2012\vc\include\string.h(110) : 参见“strcpy”的声明
     1>e:\常家洪\11111\开发系统\学生信息管理系统\学生信息管理系统\example3_26_student.cpp(25): warning C4996: 'strcpy': This function or variable may be unsafe. Consider using strcpy_s instead. To disable deprecation, use _CRT_SECURE_NO_WARNINGS. See online help for details.
                 d:\vs2012\vc\include\string.h(110) : 参见“strcpy”的声明
     1>e:\常家洪\11111\开发系统\学生信息管理系统\学生信息管理系统\example3_26_student.cpp(27): warning C4996: 'strcpy': This function or variable may be unsafe. Consider using strcpy_s instead. To disable deprecation, use _CRT_SECURE_NO_WARNINGS. See online help for details.
                 d:\vs2012\vc\include\string.h(110) : 参见“strcpy”的声明
     1>e:\常家洪\11111\开发系统\学生信息管理系统\学生信息管理系统\example3_26_student.cpp(28): warning C4996: 'strcpy': This function or variable may be unsafe. Consider using strcpy_s instead. To disable deprecation, use _CRT_SECURE_NO_WARNINGS. See online help for details.
                 d:\vs2012\vc\include\string.h(110) : 参见“strcpy”的声明
     1>e:\常家洪\11111\开发系统\学生信息管理系统\学生信息管理系统\example3_26_student.cpp(29): warning C4996: 'strcpy': This function or variable may be unsafe. Consider using strcpy_s instead. To disable deprecation, use _CRT_SECURE_NO_WARNINGS. See online help for details.
                 d:\vs2012\vc\include\string.h(110) : 参见“strcpy”的声明
     1>e:\常家洪\11111\开发系统\学生信息管理系统\学生信息管理系统\example3_26_student.cpp(75): warning C4996: 'strcpy': This function or variable may be unsafe. Consider using strcpy_s instead. To disable deprecation, use _CRT_SECURE_NO_WARNINGS. See online help for details.
                 d:\vs2012\vc\include\string.h(110) : 参见“strcpy”的声明
         example3_26t.cpp
         正在生成代码...
       Link:
         D:\VS2012\VC\bin\link.exe /ERRORREPORT:PROMPT /OUT:"E:\常家洪\11111\开发系统\学生信息管理系统\Debug\学生信息管理系统.exe" /INCREMENTAL /NOLOGO kernel32.lib user32.lib gdi32.lib winspool.lib comdlg32.lib advapi32.lib shell32.lib ole32.lib oleaut32.lib uuid.lib odbc32.lib odbccp32.lib /MANIFEST /MANIFESTUAC:"level='asInvoker' uiAccess='false'" /manifest:embed /DEBUG /PDB:"E:\常家洪\11111\开发系统\学生信息管理系统\Debug\学生信息管理系统.pdb" /SUBSYSTEM:CONSOLE /TLBID:1 /DYNAMICBASE /NXCOMPAT /IMPLIB:"E:\常家洪\11111\开发系统\学生信息管理系统\Debug\学生信息管理系统.lib" /MACHINE:X86 Debug\example3_26t.obj
         Debug\example3_26_student.obj
         LINK : 没有找到 E:\常家洪\11111\开发系统\学生信息管理系统\Debug\学生信息管理系统.exe 或上一个增量链接没有生成它；正在执行完全链接
         学生信息管理系统.vcxproj -> E:\常家洪\11111\开发系统\学生信息管理系统\Debug\学生信息管理系统.exe
     1>已完成生成项目“E:\常家洪\11111\开发系统\学生信息管理系统\学生信息管理系统\学生信息管理系统.vcxproj”(Build 个目标)的操作。

生成成功。

已用时间 00:01:45.54
